[     126ms] [INFO] %cDownload the React DevTools for a better development experience: https://react.dev/link/react-devtools font-weight:bold @ https://localhost/_next/static/chunks/node_modules_next_dist_115brz8._.js:2431
[     136ms] [LOG] [HMR] connected @ https://localhost/_next/static/chunks/node_modules_next_dist_115brz8._.js:2431
[     186ms] Error: Hydration failed because the server rendered HTML didn't match the client. As a result this tree will be regenerated on the client. This can happen if a SSR-ed Client Component used:

- A server/client branch `if (typeof window !== 'undefined')`.
- Variable input such as `Date.now()` or `Math.random()` which changes each time it's called.
- Date formatting in a user's locale which doesn't match the server.
- External changing data without sending a snapshot of it along with the HTML.
- Invalid HTML tag nesting.

It can also happen if the client has a browser extension installed which messes with the HTML before React loaded.

https://react.dev/link/hydration-mismatch

  ...
    <ScrollAndMaybeFocusHandler cacheNode={{rsc:{...}, ...}}>
      <InnerScrollAndFocusHandlerOld focusAndScrollRef={{scrollRef:null, ...}} cacheNode={{rsc:{...}, ...}}>
        <ErrorBoundary errorComponent={undefined} errorStyles={undefined} errorScripts={undefined}>
          <LoadingBoundary name="/" loading={null}>
            <HTTPAccessFallbackBoundary notFound={{...}} forbidden={undefined} unauthorized={undefined}>
              <HTTPAccessFallbackErrorBoundary pathname="/parts" notFound={{...}} forbidden={undefined} ...>
                <RedirectBoundary>
                  <RedirectErrorBoundary router={{...}}>
                    <InnerLayoutRouter url="/parts" tree={[...]} params={{}} cacheNode={{rsc:{...}, ...}} ...>
                      <SegmentViewNode type="layout" pagePath="(public)/l...">
                        <SegmentTrieNode>
                        <script>
                        <script>
                        <PublicLayout>
                          <header>
                          <main>
                          <footer>
                          <FloatingButtons>
                          <CookieConsent>
+                           <div
+                             className="fixed bottom-0 left-0 right-0 z-40 p-4 bg-[var(--card)] border-t border-[var(..."
+                           >
-                           <script id="_R_">
                    ...
        ...

    at throwOnHydrationMismatch (https://localhost/_next/static/chunks/node_modules_next_dist_compiled_react-dom_058-ah~._.js:3318:56)
    at beginWork (https://localhost/_next/static/chunks/node_modules_next_dist_compiled_react-dom_058-ah~._.js:6758:918)
    at runWithFiberInDEV (https://localhost/_next/static/chunks/node_modules_next_dist_compiled_react-dom_058-ah~._.js:965:74)
    at performUnitOfWork (https://localhost/_next/static/chunks/node_modules_next_dist_compiled_react-dom_058-ah~._.js:9555:97)
    at workLoopConcurrentByScheduler (https://localhost/_next/static/chunks/node_modules_next_dist_compiled_react-dom_058-ah~._.js:9551:58)
    at renderRootConcurrent (https://localhost/_next/static/chunks/node_modules_next_dist_compiled_react-dom_058-ah~._.js:9534:71)
    at performWorkOnRoot (https://localhost/_next/static/chunks/node_modules_next_dist_compiled_react-dom_058-ah~._.js:9061:150)
    at performWorkOnRootViaSchedulerTask (https://localhost/_next/static/chunks/node_modules_next_dist_compiled_react-dom_058-ah~._.js:10255:9)
    at MessagePort.performWorkUntilDeadline (https://localhost/_next/static/chunks/node_modules_next_dist_compiled_0rpq4pf._.js:2647:64)
[   24706ms] [INFO] %cDownload the React DevTools for a better development experience: https://react.dev/link/react-devtools font-weight:bold @ https://localhost/_next/static/chunks/node_modules_next_dist_115brz8._.js:2431
[   24716ms] [LOG] [HMR] connected @ https://localhost/_next/static/chunks/node_modules_next_dist_115brz8._.js:2431
[   24759ms] Error: Hydration failed because the server rendered HTML didn't match the client. As a result this tree will be regenerated on the client. This can happen if a SSR-ed Client Component used:

- A server/client branch `if (typeof window !== 'undefined')`.
- Variable input such as `Date.now()` or `Math.random()` which changes each time it's called.
- Date formatting in a user's locale which doesn't match the server.
- External changing data without sending a snapshot of it along with the HTML.
- Invalid HTML tag nesting.

It can also happen if the client has a browser extension installed which messes with the HTML before React loaded.

https://react.dev/link/hydration-mismatch

  ...
    <ScrollAndMaybeFocusHandler cacheNode={{rsc:{...}, ...}}>
      <InnerScrollAndFocusHandlerOld focusAndScrollRef={{scrollRef:null, ...}} cacheNode={{rsc:{...}, ...}}>
        <ErrorBoundary errorComponent={undefined} errorStyles={undefined} errorScripts={undefined}>
          <LoadingBoundary name="/" loading={null}>
            <HTTPAccessFallbackBoundary notFound={{...}} forbidden={undefined} unauthorized={undefined}>
              <HTTPAccessFallbackErrorBoundary pathname="/" notFound={{...}} forbidden={undefined} ...>
                <RedirectBoundary>
                  <RedirectErrorBoundary router={{...}}>
                    <InnerLayoutRouter url="/" tree={[...]} params={{}} cacheNode={{rsc:{...}, ...}} segmentPath={[...]} ...>
                      <SegmentViewNode type="layout" pagePath="(public)/l...">
                        <SegmentTrieNode>
                        <script>
                        <script>
                        <PublicLayout>
                          <header>
                          <main>
                          <footer>
                          <FloatingButtons>
                          <CookieConsent>
+                           <div
+                             className="fixed bottom-0 left-0 right-0 z-40 p-4 bg-[var(--card)] border-t border-[var(..."
+                           >
-                           <script id="_R_">
                    ...
        ...

    at throwOnHydrationMismatch (https://localhost/_next/static/chunks/node_modules_next_dist_compiled_react-dom_058-ah~._.js:3318:56)
    at beginWork (https://localhost/_next/static/chunks/node_modules_next_dist_compiled_react-dom_058-ah~._.js:6758:918)
    at runWithFiberInDEV (https://localhost/_next/static/chunks/node_modules_next_dist_compiled_react-dom_058-ah~._.js:965:74)
    at performUnitOfWork (https://localhost/_next/static/chunks/node_modules_next_dist_compiled_react-dom_058-ah~._.js:9555:97)
    at workLoopConcurrentByScheduler (https://localhost/_next/static/chunks/node_modules_next_dist_compiled_react-dom_058-ah~._.js:9551:58)
    at renderRootConcurrent (https://localhost/_next/static/chunks/node_modules_next_dist_compiled_react-dom_058-ah~._.js:9534:71)
    at performWorkOnRoot (https://localhost/_next/static/chunks/node_modules_next_dist_compiled_react-dom_058-ah~._.js:9061:150)
    at performWorkOnRootViaSchedulerTask (https://localhost/_next/static/chunks/node_modules_next_dist_compiled_react-dom_058-ah~._.js:10255:9)
    at MessagePort.performWorkUntilDeadline (https://localhost/_next/static/chunks/node_modules_next_dist_compiled_0rpq4pf._.js:2647:64)
[   39555ms] [INFO] %cDownload the React DevTools for a better development experience: https://react.dev/link/react-devtools font-weight:bold @ https://localhost/_next/static/chunks/node_modules_next_dist_115brz8._.js:2431
[   39565ms] [LOG] [HMR] connected @ https://localhost/_next/static/chunks/node_modules_next_dist_115brz8._.js:2431
[   39601ms] Error: Hydration failed because the server rendered HTML didn't match the client. As a result this tree will be regenerated on the client. This can happen if a SSR-ed Client Component used:

- A server/client branch `if (typeof window !== 'undefined')`.
- Variable input such as `Date.now()` or `Math.random()` which changes each time it's called.
- Date formatting in a user's locale which doesn't match the server.
- External changing data without sending a snapshot of it along with the HTML.
- Invalid HTML tag nesting.

It can also happen if the client has a browser extension installed which messes with the HTML before React loaded.

https://react.dev/link/hydration-mismatch

  ...
    <ScrollAndMaybeFocusHandler cacheNode={{rsc:{...}, ...}}>
      <InnerScrollAndFocusHandlerOld focusAndScrollRef={{scrollRef:null, ...}} cacheNode={{rsc:{...}, ...}}>
        <ErrorBoundary errorComponent={undefined} errorStyles={undefined} errorScripts={undefined}>
          <LoadingBoundary name="/" loading={null}>
            <HTTPAccessFallbackBoundary notFound={{...}} forbidden={undefined} unauthorized={undefined}>
              <HTTPAccessFallbackErrorBoundary pathname="/rentals" notFound={{...}} forbidden={undefined} ...>
                <RedirectBoundary>
                  <RedirectErrorBoundary router={{...}}>
                    <InnerLayoutRouter url="/rentals" tree={[...]} params={{}} cacheNode={{rsc:{...}, ...}} ...>
                      <SegmentViewNode type="layout" pagePath="(public)/l...">
                        <SegmentTrieNode>
                        <script>
                        <script>
                        <PublicLayout>
                          <header>
                          <main>
                          <footer>
                          <FloatingButtons>
                          <CookieConsent>
+                           <div
+                             className="fixed bottom-0 left-0 right-0 z-40 p-4 bg-[var(--card)] border-t border-[var(..."
+                           >
-                           <script id="_R_">
                    ...
        ...

    at throwOnHydrationMismatch (https://localhost/_next/static/chunks/node_modules_next_dist_compiled_react-dom_058-ah~._.js:3318:56)
    at beginWork (https://localhost/_next/static/chunks/node_modules_next_dist_compiled_react-dom_058-ah~._.js:6758:918)
    at runWithFiberInDEV (https://localhost/_next/static/chunks/node_modules_next_dist_compiled_react-dom_058-ah~._.js:965:74)
    at performUnitOfWork (https://localhost/_next/static/chunks/node_modules_next_dist_compiled_react-dom_058-ah~._.js:9555:97)
    at workLoopConcurrentByScheduler (https://localhost/_next/static/chunks/node_modules_next_dist_compiled_react-dom_058-ah~._.js:9551:58)
    at renderRootConcurrent (https://localhost/_next/static/chunks/node_modules_next_dist_compiled_react-dom_058-ah~._.js:9534:71)
    at performWorkOnRoot (https://localhost/_next/static/chunks/node_modules_next_dist_compiled_react-dom_058-ah~._.js:9061:150)
    at performWorkOnRootViaSchedulerTask (https://localhost/_next/static/chunks/node_modules_next_dist_compiled_react-dom_058-ah~._.js:10255:9)
    at MessagePort.performWorkUntilDeadline (https://localhost/_next/static/chunks/node_modules_next_dist_compiled_0rpq4pf._.js:2647:64)
[   57223ms] [VERBOSE] [DOM] Input elements should have autocomplete attributes (suggested: "current-password"): (More info: https://goo.gl/9p2vKq) %o @ https://localhost/login:0
[   57235ms] [INFO] %cDownload the React DevTools for a better development experience: https://react.dev/link/react-devtools font-weight:bold @ https://localhost/_next/static/chunks/node_modules_next_dist_115brz8._.js:2431
[   57244ms] [LOG] [HMR] connected @ https://localhost/_next/static/chunks/node_modules_next_dist_115brz8._.js:2431
[   57281ms] Error: Hydration failed because the server rendered HTML didn't match the client. As a result this tree will be regenerated on the client. This can happen if a SSR-ed Client Component used:

- A server/client branch `if (typeof window !== 'undefined')`.
- Variable input such as `Date.now()` or `Math.random()` which changes each time it's called.
- Date formatting in a user's locale which doesn't match the server.
- External changing data without sending a snapshot of it along with the HTML.
- Invalid HTML tag nesting.

It can also happen if the client has a browser extension installed which messes with the HTML before React loaded.

https://react.dev/link/hydration-mismatch

  ...
    <ScrollAndMaybeFocusHandler cacheNode={{rsc:{...}, ...}}>
      <InnerScrollAndFocusHandlerOld focusAndScrollRef={{scrollRef:null, ...}} cacheNode={{rsc:{...}, ...}}>
        <ErrorBoundary errorComponent={undefined} errorStyles={undefined} errorScripts={undefined}>
          <LoadingBoundary name="/" loading={null}>
            <HTTPAccessFallbackBoundary notFound={{...}} forbidden={undefined} unauthorized={undefined}>
              <HTTPAccessFallbackErrorBoundary pathname="/login" notFound={{...}} forbidden={undefined} ...>
                <RedirectBoundary>
                  <RedirectErrorBoundary router={{...}}>
                    <InnerLayoutRouter url="/login" tree={[...]} params={{}} cacheNode={{rsc:{...}, ...}} ...>
                      <SegmentViewNode type="layout" pagePath="(public)/l...">
                        <SegmentTrieNode>
                        <script>
                        <script>
                        <PublicLayout>
                          <header>
                          ...
                            <div className="w-full max...">
                              <div>
                              <form action={function bound dispatchActionState} className="card space...">
                                <div>
                                  <label>
                                  <input
                                    id="email"
                                    name="email"
                                    type="email"
                                    required={true}
                                    className="input"
                                    placeholder="your@email.com"
-                                   style={{caret-color:"transparent"}}
                                  >
                                <div>
                                  <label>
                                  <input
                                    id="password"
                                    name="password"
                                    type="password"
                                    required={true}
                                    className="input"
                                    placeholder="Введите пароль"
-                                   style={{caret-color:"transparent"}}
                                  >
                                ...
                          <footer>
                          <FloatingButtons>
                          <CookieConsent>
+                           <div
+                             className="fixed bottom-0 left-0 right-0 z-40 p-4 bg-[var(--card)] border-t border-[var(..."
+                           >
-                           <script id="_R_">
                    ...
        ...

    at throwOnHydrationMismatch (https://localhost/_next/static/chunks/node_modules_next_dist_compiled_react-dom_058-ah~._.js:3318:56)
    at beginWork (https://localhost/_next/static/chunks/node_modules_next_dist_compiled_react-dom_058-ah~._.js:6758:918)
    at runWithFiberInDEV (https://localhost/_next/static/chunks/node_modules_next_dist_compiled_react-dom_058-ah~._.js:965:74)
    at performUnitOfWork (https://localhost/_next/static/chunks/node_modules_next_dist_compiled_react-dom_058-ah~._.js:9555:97)
    at workLoopConcurrentByScheduler (https://localhost/_next/static/chunks/node_modules_next_dist_compiled_react-dom_058-ah~._.js:9551:58)
    at renderRootConcurrent (https://localhost/_next/static/chunks/node_modules_next_dist_compiled_react-dom_058-ah~._.js:9534:71)
    at performWorkOnRoot (https://localhost/_next/static/chunks/node_modules_next_dist_compiled_react-dom_058-ah~._.js:9061:150)
    at performWorkOnRootViaSchedulerTask (https://localhost/_next/static/chunks/node_modules_next_dist_compiled_react-dom_058-ah~._.js:10255:9)
    at MessagePort.performWorkUntilDeadline (https://localhost/_next/static/chunks/node_modules_next_dist_compiled_0rpq4pf._.js:2647:64)
[   57367ms] [VERBOSE] [DOM] Input elements should have autocomplete attributes (suggested: "current-password"): (More info: https://goo.gl/9p2vKq) %o @ https://localhost/login:0
